2023/8/28 22:36:35 ----> 进入程序
2023/8/28 22:36:40 ----> 程序关闭
2023/8/28 22:36:44 ----> 进入程序
2023/8/28 22:36:47 ----> 程序关闭
2023/8/28 23:24:17 ----> 进入程序
2023/8/28 23:24:56 ----> 程序关闭
2023/8/29 14:19:27 ----> 进入程序
2023/8/29 14:21:30 ----> 程序关闭
2023/8/29 14:21:59 ----> 进入程序
2023/8/29 14:23:29 ----> 进入程序
2023/8/29 14:23:56 ----> 接收到: 34qefe
2023/8/29 14:24:12 ----> 接收到: 34qefe???????12
2023/8/29 14:24:25 ----> 程序关闭
2023/8/29 14:46:25 ----> 进入程序
2023/8/29 14:46:29 ----> 进入程序
2023/8/29 14:46:51 ----> 接收到: waldkj?jasd?????
2023/8/29 14:46:55 ----> 接收到: waldkj?jasd?????
2023/8/29 14:46:59 ----> 接收到: waldkj?jasd?????22
2023/8/29 14:47:04 ----> 程序关闭
2023/8/29 14:47:05 ----> 程序关闭
2023/8/29 14:51:13 ----> 进入程序
2023/8/29 14:51:17 ----> 进入程序
2023/8/29 14:51:32 ----> 接收到: waldkj打jasd老咔叽法国
2023/8/29 14:51:34 ----> 接收到: waldkj打jasd老咔叽法国
2023/8/29 14:51:36 ----> 程序关闭
2023/8/29 14:51:37 ----> 程序关闭
2023/8/29 14:52:36 ----> 进入程序
2023/8/29 14:52:44 ----> 接收到: 34qefe???????12
2023/8/29 14:52:46 ----> 接收到: 34qefe???????12
2023/8/29 14:54:23 ----> 程序关闭
2023/8/29 14:55:56 ----> 进入程序
2023/8/29 14:56:17 ----> 接收到: 34qefe作为阿苏林贷款12
2023/8/29 14:56:32 ----> 接收到: asd就阿嫂地方
2023/8/29 14:56:36 ----> 程序关闭
2023/8/29 14:58:32 ----> 进入程序
2023/8/29 14:58:40 ----> 进入程序
2023/8/29 14:58:53 ----> 有客户连接
2023/8/29 14:58:53 ----> 有客户连接
2023/8/29 14:58:53 ----> 连接完成
2023/8/29 14:58:53 ----> 开始监听
2023/8/29 14:58:58 ----> 接收到: waldkj打jasd老咔叽法国
2023/8/29 14:59:02 ----> 接收到: waldkj打jasd老咔叽法国
2023/8/29 14:59:02 ----> 接收到: waldkj打jasd老咔叽法国
2023/8/29 14:59:05 ----> 程序关闭
2023/8/29 14:59:09 ----> 程序关闭
2023/8/29 21:22:07 ----> 进入程序
2023/8/29 21:22:15 ----> 开始监听
2023/8/29 21:22:28 ----> 进入程序
2023/8/29 21:22:32 ----> 柯力读到数据
2023/8/29 21:22:34 ----> 柯力读到数据
2023/8/29 21:22:41 ----> 程序关闭
2023/8/29 21:22:53 ----> 程序关闭
2023/8/29 21:31:02 ----> 进入程序
2023/8/29 21:31:07 ----> 进入程序
2023/8/29 21:31:15 ----> 开始监听
2023/8/29 21:31:18 ----> waldkj打jasd老咔叽法国
2023/8/29 21:31:20 ----> waldkj打jasd老咔叽法国
2023/8/29 21:31:21 ----> waldkj打jasd老咔叽法国
2023/8/29 21:31:25 ----> waldkj打jasd老咔叽法国
2023/8/29 21:31:29 ----> 程序关闭
2023/8/29 21:31:33 ----> 程序关闭
2023/8/29 21:32:15 ----> 进入程序
2023/8/29 21:32:18 ----> 开始监听
2023/8/29 21:32:20 ----> 进入程序
2023/8/29 21:32:25 ----> waldkj打jasd老咔叽法国
2023/8/29 21:32:26 ----> waldkj打jasd老咔叽法国
2023/8/29 21:32:26 ----> waldkj打jasd老咔叽法国
2023/8/29 21:32:27 ----> 程序关闭
2023/8/29 21:32:28 ----> 程序关闭
2023/8/29 23:43:34 ----> 进入程序
2023/8/29 23:43:35 ----> Udp error timer
2023/8/29 23:43:36 ----> Udp error timer
2023/8/29 23:43:37 ----> Udp error timer
2023/8/29 23:43:38 ----> Udp error timer
2023/8/29 23:43:39 ----> Udp error timer
2023/8/29 23:43:40 ----> Udp error timer
2023/8/29 23:43:41 ----> Udp error timer
2023/8/29 23:43:42 ----> Udp error timer
2023/8/29 23:43:43 ----> Udp error timer
2023/8/29 23:43:44 ----> Udp error timer
2023/8/29 23:43:45 ----> Udp error timer
2023/8/29 23:43:45 ----> 程序关闭
2023/8/29 23:44:24 ----> 进入程序
2023/8/29 23:44:28 ----> 开始监听
2023/8/29 23:44:29 ----> Udp error timer
2023/8/29 23:44:30 ----> Udp error timer
2023/8/29 23:44:31 ----> Udp error timer
2023/8/29 23:44:32 ----> Udp error timer
2023/8/29 23:44:33 ----> Udp error timer
2023/8/29 23:44:34 ----> Udp error timer
2023/8/29 23:44:35 ----> Udp error timer
2023/8/29 23:44:36 ----> Udp error timer
2023/8/29 23:44:37 ----> Udp error timer
2023/8/29 23:44:38 ----> Udp error timer
2023/8/29 23:44:39 ----> Udp error timer
2023/8/29 23:44:40 ----> 程序关闭
2023/8/29 23:44:53 ----> 进入程序
2023/8/29 23:45:00 ----> 开始监听
2023/8/29 23:45:02 ----> Udp error timer
2023/8/29 23:45:04 ----> Udp error timer
2023/8/29 23:45:06 ----> Udp error timer
2023/8/29 23:45:08 ----> Udp error timer
2023/8/29 23:45:09 ----> 程序关闭
2023/8/30 9:01:31 ----> 进入程序
2023/8/30 9:01:37 ----> 开始监听
2023/8/30 9:01:39 ----> Udp error timer
2023/8/30 9:01:41 ----> Udp error timer
2023/8/30 9:01:43 ----> Udp error timer
2023/8/30 9:01:45 ----> Udp error timer
2023/8/30 9:01:47 ----> Udp error timer
2023/8/30 9:01:49 ----> Udp error timer
2023/8/30 9:01:51 ----> Udp error timer
2023/8/30 9:01:53 ----> Udp error timer
2023/8/30 9:01:55 ----> Udp error timer
2023/8/30 9:01:56 ----> 进入程序
2023/8/30 9:01:57 ----> Udp error timer
2023/8/30 9:01:59 ----> Udp error timer
2023/8/30 9:02:01 ----> Udp error timer
2023/8/30 9:02:01 ----> waldkj打jasd老咔叽法国
2023/8/30 9:02:03 ----> Udp error timer
2023/8/30 9:02:05 ----> waldkj打jasd老咔叽法国
2023/8/30 9:02:06 ----> waldkj打jasd老咔叽法国
2023/8/30 9:02:07 ----> waldkj打jasd老咔叽法国
2023/8/30 9:02:08 ----> waldkj打jasd老咔叽法国
2023/8/30 9:02:09 ----> waldkj打jasd老咔叽法国
2023/8/30 9:02:10 ----> waldkj打jasd老咔叽法国
2023/8/30 9:02:12 ----> Udp error timer
2023/8/30 9:02:14 ----> Udp error timer
2023/8/30 9:02:17 ----> Udp error timer
2023/8/30 9:02:18 ----> Udp error timer
2023/8/30 9:02:20 ----> Udp error timer
2023/8/30 9:02:22 ----> Udp error timer
2023/8/30 9:02:23 ----> 程序关闭
2023/8/30 9:07:58 ----> 程序关闭
2023/8/30 9:08:03 ----> 进入程序
2023/8/30 9:08:08 ----> 开始监听
2023/8/30 9:08:10 ----> Udp error timer
2023/8/30 9:08:11 ----> 进入程序
2023/8/30 9:08:18 ----> waldkj打jasd老咔叽法国
2023/8/30 9:08:20 ----> waldkj打jasd老咔叽法国
2023/8/30 9:08:21 ----> waldkj打jasd老咔叽法国
2023/8/30 9:08:22 ----> waldkj打jasd老咔叽法国
2023/8/30 9:08:24 ----> waldkj打jasd老咔叽法国
2023/8/30 9:08:26 ----> Udp error timer
2023/8/30 9:08:28 ----> waldkj打jasd老咔叽法国
2023/8/30 9:08:29 ----> waldkj打jasd老咔叽法国
2023/8/30 9:08:30 ----> waldkj打jasd老咔叽法国
2023/8/30 9:08:31 ----> waldkj打jasd老咔叽法国
2023/8/30 9:08:32 ----> waldkj打jasd老咔叽法国
2023/8/30 9:08:33 ----> waldkj打jasd老咔叽法国
2023/8/30 9:08:35 ----> Udp error timer
2023/8/30 9:08:39 ----> 程序关闭
2023/8/30 9:08:40 ----> 程序关闭
2023/8/30 22:06:46 ----> 进入程序
2023/8/30 22:07:38 ----> 程序关闭
